[15-Oct-2024 11:41:17 UTC] PHP Fatal error:  Uncaught ArgumentCountError: 3 arguments are required, 2 given in C:\Users\camil\Local Sites\laviedesplantes\app\public\wp-admin\includes\class-bulk-upgrader-skin.php:208
Stack trace:
#0 C:\Users\camil\Local Sites\laviedesplantes\app\public\wp-admin\includes\class-bulk-upgrader-skin.php(208): sprintf('%1$s installed ...', 'SKT Templates')
#1 C:\Users\camil\Local Sites\laviedesplantes\app\public\wp-content\themes\flower-shop-lite\class-tgm-plugin-activation.php(3553): Bulk_Upgrader_Skin->after('SKT Templates')
#2 C:\Users\camil\Local Sites\laviedesplantes\app\public\wp-admin\includes\class-wp-upgrader.php(930): TGMPA_Bulk_Installer_Skin->after()
#3 C:\Users\camil\Local Sites\laviedesplantes\app\public\wp-content\themes\flower-shop-lite\class-tgm-plugin-activation.php(3173): WP_Upgrader->run(Array)
#4 C:\Users\camil\Local Sites\laviedesplantes\app\public\wp-content\themes\flower-shop-lite\class-tgm-plugin-activation.php(3278): TGMPA_Bulk_Installer->run(Array)
#5 C:\Users\camil\Local Sites\laviedesplantes\app\public\wp-content\themes\flower-shop-lite\class-tgm-plugin-activation.php(2892): TGMPA_Bulk_Installer->bulk_install(Array)
#6 C:\Users\camil\Local Sites\laviedesplantes\app\public\wp-content\themes\flower-shop-lite\class-tgm-plugin-activation.php(658): TGMPA_List_Table->process_bulk_actions()
#7 C:\Users\camil\Local Sites\laviedesplantes\app\public\wp-includes\class-wp-hook.php(324): TGM_Plugin_Activation->install_plugins_page('')
#8 C:\Users\camil\Local Sites\laviedesplantes\app\public\wp-includes\class-wp-hook.php(348): WP_Hook->apply_filters('', Array)
#9 C:\Users\camil\Local Sites\laviedesplantes\app\public\wp-includes\plugin.php(517): WP_Hook->do_action(Array)
#10 C:\Users\camil\Local Sites\laviedesplantes\app\public\wp-admin\admin.php(259): do_action('appearance_page...')
#11 C:\Users\camil\Local Sites\laviedesplantes\app\public\wp-admin\themes.php(10): require_once('C:\\Users\\camil\\...')
#12 {main}
  thrown in C:\Users\camil\Local Sites\laviedesplantes\app\public\wp-admin\includes\class-bulk-upgrader-skin.php on line 208
[16-Oct-2024 08:43:04 UTC] PHP Warning:  dir(C:/Users/camil/Local Sites/laviedesplantes/app/public/wp-content/upgrade/jetpack.13.9.1/jetpack/jetpack_vendor/automattic/jetpack-masterbar/src/masterbar/): Le chemin d’accès spécifié est introuvab (code: 3) in C:\Users\camil\Local Sites\laviedesplantes\app\public\wp-admin\includes\class-wp-filesystem-direct.php on line 636
[16-Oct-2024 08:43:04 UTC] PHP Warning:  dir(C:/Users/camil/Local Sites/laviedesplantes/app/public/wp-content/upgrade/jetpack.13.9.1/jetpack/jetpack_vendor/automattic/jetpack-masterbar/src/masterbar/): Failed to open directory: No such file or directory in C:\Users\camil\Local Sites\laviedesplantes\app\public\wp-admin\includes\class-wp-filesystem-direct.php on line 636
[16-Oct-2024 08:43:04 UTC] PHP Warning:  dir(C:/Users/camil/Local Sites/laviedesplantes/app/public/wp-content/upgrade/jetpack.13.9.1/jetpack/jetpack_vendor/automattic/jetpack-my-jetpack/src/): Le chemin d’accès spécifié est introuvab (code: 3) in C:\Users\camil\Local Sites\laviedesplantes\app\public\wp-admin\includes\class-wp-filesystem-direct.php on line 636
[16-Oct-2024 08:43:04 UTC] PHP Warning:  dir(C:/Users/camil/Local Sites/laviedesplantes/app/public/wp-content/upgrade/jetpack.13.9.1/jetpack/jetpack_vendor/automattic/jetpack-my-jetpack/src/): Failed to open directory: No such file or directory in C:\Users\camil\Local Sites\laviedesplantes\app\public\wp-admin\includes\class-wp-filesystem-direct.php on line 636
[16-Oct-2024 08:43:04 UTC] PHP Warning:  dir(C:/Users/camil/Local Sites/laviedesplantes/app/public/wp-content/upgrade/jetpack.13.9.1/jetpack/jetpack_vendor/automattic/jetpack-search/src/classic-search/): Le chemin d’accès spécifié est introuvab (code: 3) in C:\Users\camil\Local Sites\laviedesplantes\app\public\wp-admin\includes\class-wp-filesystem-direct.php on line 636
[16-Oct-2024 08:43:04 UTC] PHP Warning:  dir(C:/Users/camil/Local Sites/laviedesplantes/app/public/wp-content/upgrade/jetpack.13.9.1/jetpack/jetpack_vendor/automattic/jetpack-search/src/classic-search/): Failed to open directory: No such file or directory in C:\Users\camil\Local Sites\laviedesplantes\app\public\wp-admin\includes\class-wp-filesystem-direct.php on line 636
[16-Oct-2024 08:43:04 UTC] PHP Warning:  dir(C:/Users/camil/Local Sites/laviedesplantes/app/public/wp-content/upgrade/jetpack.13.9.1/jetpack/jetpack_vendor/automattic/jetpack-search/src/initializers/): Le chemin d’accès spécifié est introuvab (code: 3) in C:\Users\camil\Local Sites\laviedesplantes\app\public\wp-admin\includes\class-wp-filesystem-direct.php on line 636
[16-Oct-2024 08:43:04 UTC] PHP Warning:  dir(C:/Users/camil/Local Sites/laviedesplantes/app/public/wp-content/upgrade/jetpack.13.9.1/jetpack/jetpack_vendor/automattic/jetpack-search/src/initializers/): Failed to open directory: No such file or directory in C:\Users\camil\Local Sites\laviedesplantes\app\public\wp-admin\includes\class-wp-filesystem-direct.php on line 636
[16-Oct-2024 08:43:04 UTC] PHP Warning:  dir(C:/Users/camil/Local Sites/laviedesplantes/app/public/wp-content/upgrade/jetpack.13.9.1/jetpack/jetpack_vendor/automattic/jetpack-videopress/build/admin/): Accès refus (code: 5) in C:\Users\camil\Local Sites\laviedesplantes\app\public\wp-admin\includes\class-wp-filesystem-direct.php on line 636
[16-Oct-2024 08:43:04 UTC] PHP Warning:  dir(C:/Users/camil/Local Sites/laviedesplantes/app/public/wp-content/upgrade/jetpack.13.9.1/jetpack/jetpack_vendor/automattic/jetpack-videopress/build/admin/): Failed to open directory: No such file or directory in C:\Users\camil\Local Sites\laviedesplantes\app\public\wp-admin\includes\class-wp-filesystem-direct.php on line 636
[16-Oct-2024 08:43:04 UTC] PHP Warning:  dir(C:/Users/camil/Local Sites/laviedesplantes/app/public/wp-content/upgrade/jetpack.13.9.1/jetpack/jetpack_vendor/automattic/jetpack-wordads/tools/): Le chemin d’accès spécifié est introuvab (code: 3) in C:\Users\camil\Local Sites\laviedesplantes\app\public\wp-admin\includes\class-wp-filesystem-direct.php on line 636
[16-Oct-2024 08:43:04 UTC] PHP Warning:  dir(C:/Users/camil/Local Sites/laviedesplantes/app/public/wp-content/upgrade/jetpack.13.9.1/jetpack/jetpack_vendor/automattic/jetpack-wordads/tools/): Failed to open directory: No such file or directory in C:\Users\camil\Local Sites\laviedesplantes\app\public\wp-admin\includes\class-wp-filesystem-direct.php on line 636
[16-Oct-2024 08:43:04 UTC] PHP Warning:  dir(C:/Users/camil/Local Sites/laviedesplantes/app/public/wp-content/upgrade/jetpack.13.9.1/jetpack/modules/google-fonts/): Le chemin d’accès spécifié est introuvab (code: 3) in C:\Users\camil\Local Sites\laviedesplantes\app\public\wp-admin\includes\class-wp-filesystem-direct.php on line 636
[16-Oct-2024 08:43:04 UTC] PHP Warning:  dir(C:/Users/camil/Local Sites/laviedesplantes/app/public/wp-content/upgrade/jetpack.13.9.1/jetpack/modules/google-fonts/): Failed to open directory: No such file or directory in C:\Users\camil\Local Sites\laviedesplantes\app\public\wp-admin\includes\class-wp-filesystem-direct.php on line 636
[16-Oct-2024 08:43:04 UTC] PHP Warning:  dir(C:/Users/camil/Local Sites/laviedesplantes/app/public/wp-content/upgrade/jetpack.13.9.1/jetpack/modules/videopress/css/): Le chemin d’accès spécifié est introuvab (code: 3) in C:\Users\camil\Local Sites\laviedesplantes\app\public\wp-admin\includes\class-wp-filesystem-direct.php on line 636
[16-Oct-2024 08:43:04 UTC] PHP Warning:  dir(C:/Users/camil/Local Sites/laviedesplantes/app/public/wp-content/upgrade/jetpack.13.9.1/jetpack/modules/videopress/css/): Failed to open directory: Permission denied in C:\Users\camil\Local Sites\laviedesplantes\app\public\wp-admin\includes\class-wp-filesystem-direct.php on line 636
[16-Oct-2024 08:43:04 UTC] PHP Warning:  dir(C:/Users/camil/Local Sites/laviedesplantes/app/public/wp-content/upgrade/jetpack.13.9.1/jetpack/modules/widgets/gallery/js/): Le chemin d’accès spécifié est introuvab (code: 3) in C:\Users\camil\Local Sites\laviedesplantes\app\public\wp-admin\includes\class-wp-filesystem-direct.php on line 636
[16-Oct-2024 08:43:04 UTC] PHP Warning:  dir(C:/Users/camil/Local Sites/laviedesplantes/app/public/wp-content/upgrade/jetpack.13.9.1/jetpack/modules/widgets/gallery/js/): Failed to open directory: Permission denied in C:\Users\camil\Local Sites\laviedesplantes\app\public\wp-admin\includes\class-wp-filesystem-direct.php on line 636
[16-Oct-2024 08:43:04 UTC] PHP Warning:  dir(C:/Users/camil/Local Sites/laviedesplantes/app/public/wp-content/upgrade/jetpack.13.9.1/jetpack/modules/widgets/image-widget/): Le chemin d’accès spécifié est introuvab (code: 3) in C:\Users\camil\Local Sites\laviedesplantes\app\public\wp-admin\includes\class-wp-filesystem-direct.php on line 636
[16-Oct-2024 08:43:04 UTC] PHP Warning:  dir(C:/Users/camil/Local Sites/laviedesplantes/app/public/wp-content/upgrade/jetpack.13.9.1/jetpack/modules/widgets/image-widget/): Failed to open directory: No such file or directory in C:\Users\camil\Local Sites\laviedesplantes\app\public\wp-admin\includes\class-wp-filesystem-direct.php on line 636
[16-Oct-2024 08:43:04 UTC] PHP Warning:  dir(C:/Users/camil/Local Sites/laviedesplantes/app/public/wp-content/upgrade/jetpack.13.9.1/jetpack/modules/widgets/instagram/): Le chemin d’accès spécifié est introuvab (code: 3) in C:\Users\camil\Local Sites\laviedesplantes\app\public\wp-admin\includes\class-wp-filesystem-direct.php on line 636
[16-Oct-2024 08:43:04 UTC] PHP Warning:  dir(C:/Users/camil/Local Sites/laviedesplantes/app/public/wp-content/upgrade/jetpack.13.9.1/jetpack/modules/widgets/instagram/): Failed to open directory: No such file or directory in C:\Users\camil\Local Sites\laviedesplantes\app\public\wp-admin\includes\class-wp-filesystem-direct.php on line 636
[16-Oct-2024 08:43:04 UTC] PHP Warning:  dir(C:/Users/camil/Local Sites/laviedesplantes/app/public/wp-content/upgrade/jetpack.13.9.1/jetpack/modules/widgets/internet-defense-league/): Le chemin d’accès spécifié est introuvab (code: 3) in C:\Users\camil\Local Sites\laviedesplantes\app\public\wp-admin\includes\class-wp-filesystem-direct.php on line 636
[16-Oct-2024 08:43:04 UTC] PHP Warning:  dir(C:/Users/camil/Local Sites/laviedesplantes/app/public/wp-content/upgrade/jetpack.13.9.1/jetpack/modules/widgets/internet-defense-league/): Failed to open directory: No such file or directory in C:\Users\camil\Local Sites\laviedesplantes\app\public\wp-admin\includes\class-wp-filesystem-direct.php on line 636
[16-Oct-2024 08:43:04 UTC] PHP Warning:  dir(C:/Users/camil/Local Sites/laviedesplantes/app/public/wp-content/upgrade/jetpack.13.9.1/jetpack/modules/wordads/php/): Le chemin d’accès spécifié est introuvab (code: 3) in C:\Users\camil\Local Sites\laviedesplantes\app\public\wp-admin\includes\class-wp-filesystem-direct.php on line 636
[16-Oct-2024 08:43:04 UTC] PHP Warning:  dir(C:/Users/camil/Local Sites/laviedesplantes/app/public/wp-content/upgrade/jetpack.13.9.1/jetpack/modules/wordads/php/): Failed to open directory: No such file or directory in C:\Users\camil\Local Sites\laviedesplantes\app\public\wp-admin\includes\class-wp-filesystem-direct.php on line 636
[16-Oct-2024 08:43:04 UTC] PHP Warning:  dir(C:/Users/camil/Local Sites/laviedesplantes/app/public/wp-content/upgrade/jetpack.13.9.1/jetpack/vendor/automattic/jetpack-roles/): Le chemin d’accès spécifié est introuvab (code: 3) in C:\Users\camil\Local Sites\laviedesplantes\app\public\wp-admin\includes\class-wp-filesystem-direct.php on line 636
[16-Oct-2024 08:43:04 UTC] PHP Warning:  dir(C:/Users/camil/Local Sites/laviedesplantes/app/public/wp-content/upgrade/jetpack.13.9.1/jetpack/vendor/automattic/jetpack-roles/): Failed to open directory: Permission denied in C:\Users\camil\Local Sites\laviedesplantes\app\public\wp-admin\includes\class-wp-filesystem-direct.php on line 636
[16-Oct-2024 08:43:04 UTC] PHP Warning:  dir(C:/Users/camil/Local Sites/laviedesplantes/app/public/wp-content/upgrade/jetpack.13.9.1/jetpack/_inc/build/widgets/simple-payments/): Le chemin d’accès spécifié est introuvab (code: 3) in C:\Users\camil\Local Sites\laviedesplantes\app\public\wp-admin\includes\class-wp-filesystem-direct.php on line 636
[16-Oct-2024 08:43:04 UTC] PHP Warning:  dir(C:/Users/camil/Local Sites/laviedesplantes/app/public/wp-content/upgrade/jetpack.13.9.1/jetpack/_inc/build/widgets/simple-payments/): Failed to open directory: No such file or directory in C:\Users\camil\Local Sites\laviedesplantes\app\public\wp-admin\includes\class-wp-filesystem-direct.php on line 636
[16-Oct-2024 08:43:04 UTC] PHP Warning:  dir(C:/Users/camil/Local Sites/laviedesplantes/app/public/wp-content/upgrade/jetpack.13.9.1/jetpack/_inc/build/widgets/social-icons/): Accès refus (code: 5) in C:\Users\camil\Local Sites\laviedesplantes\app\public\wp-admin\includes\class-wp-filesystem-direct.php on line 636
[16-Oct-2024 08:43:04 UTC] PHP Warning:  dir(C:/Users/camil/Local Sites/laviedesplantes/app/public/wp-content/upgrade/jetpack.13.9.1/jetpack/_inc/build/widgets/social-icons/): Failed to open directory: No such file or directory in C:\Users\camil\Local Sites\laviedesplantes\app\public\wp-admin\includes\class-wp-filesystem-direct.php on line 636
[16-Oct-2024 09:21:07 UTC] PHP Fatal error:  Uncaught Error: Call to undefined method Automattic\WooCommerce\Admin\API\OnboardingPlugins::install_plugin() in C:\Users\camil\Local Sites\laviedesplantes\app\public\wp-content\plugins\woocommerce\src\Internal\Admin\Notes\InstallJPAndWCSPlugins.php:120
Stack trace:
#0 C:\Users\camil\Local Sites\laviedesplantes\app\public\wp-content\plugins\woocommerce\src\Internal\Admin\Notes\InstallJPAndWCSPlugins.php(108): Automattic\WooCommerce\Internal\Admin\Notes\InstallJPAndWCSPlugins->install_and_activate_plugin('jetpack')
#1 C:\Users\camil\Local Sites\laviedesplantes\app\public\wp-includes\class-wp-hook.php(324): Automattic\WooCommerce\Internal\Admin\Notes\InstallJPAndWCSPlugins->install_jp_and_wcs_plugins(Object(Automattic\WooCommerce\Admin\Notes\Note))
#2 C:\Users\camil\Local Sites\laviedesplantes\app\public\wp-includes\class-wp-hook.php(348): WP_Hook->apply_filters('', Array)
#3 C:\Users\camil\Local Sites\laviedesplantes\app\public\wp-includes\plugin.php(517): WP_Hook->do_action(Array)
#4 C:\Users\camil\Local Sites\laviedesplantes\app\public\wp-content\plugins\woocommerce\src\Admin\Notes\Notes.php(367): do_action('woocommerce_not...', Object(Automattic\WooCommerce\Admin\Notes\Note))
#5 C:\Users\camil\Local Sites\laviedesplantes\app\public\wp-content\plugins\woocommerce\src\Admin\API\NoteActions.php(82): Automattic\WooCommerce\Admin\Notes\Notes::trigger_note_action(Object(Automattic\WooCommerce\Admin\Notes\Note), Object(stdClass))
#6 C:\Users\camil\Local Sites\laviedesplantes\app\public\wp-includes\rest-api\class-wp-rest-server.php(1230): Automattic\WooCommerce\Admin\API\NoteActions->trigger_note_action(Object(WP_REST_Request))
#7 C:\Users\camil\Local Sites\laviedesplantes\app\public\wp-includes\rest-api\class-wp-rest-server.php(1063): WP_REST_Server->respond_to_request(Object(WP_REST_Request), '/wc-analytics/a...', Array, NULL)
#8 C:\Users\camil\Local Sites\laviedesplantes\app\public\wp-includes\rest-api\class-wp-rest-server.php(439): WP_REST_Server->dispatch(Object(WP_REST_Request))
#9 C:\Users\camil\Local Sites\laviedesplantes\app\public\wp-includes\rest-api.php(420): WP_REST_Server->serve_request('/wc-analytics/a...')
#10 C:\Users\camil\Local Sites\laviedesplantes\app\public\wp-includes\class-wp-hook.php(324): rest_api_loaded(Object(WP))
#11 C:\Users\camil\Local Sites\laviedesplantes\app\public\wp-includes\class-wp-hook.php(348): WP_Hook->apply_filters(NULL, Array)
#12 C:\Users\camil\Local Sites\laviedesplantes\app\public\wp-includes\plugin.php(565): WP_Hook->do_action(Array)
#13 C:\Users\camil\Local Sites\laviedesplantes\app\public\wp-includes\class-wp.php(418): do_action_ref_array('parse_request', Array)
#14 C:\Users\camil\Local Sites\laviedesplantes\app\public\wp-includes\class-wp.php(813): WP->parse_request('')
#15 C:\Users\camil\Local Sites\laviedesplantes\app\public\wp-includes\functions.php(1336): WP->main('')
#16 C:\Users\camil\Local Sites\laviedesplantes\app\public\wp-blog-header.php(16): wp()
#17 C:\Users\camil\Local Sites\laviedesplantes\app\public\index.php(17): require('C:\\Users\\camil\\...')
#18 {main}
  thrown in C:\Users\camil\Local Sites\laviedesplantes\app\public\wp-content\plugins\woocommerce\src\Internal\Admin\Notes\InstallJPAndWCSPlugins.php on line 120
[16-Oct-2024 13:10:14 UTC] Erreur d’événement de replanification de tâche pour le crochet action_scheduler_run_queue. Code d’erreur : could_not_set. Message d’erreur : La liste des évènements planifiés n’a pas pu être sauvegardée.. Données : {"schedule":"every_minute","args":["WP Cron"],"interval":60}
[17-Oct-2024 08:29:41 UTC] PHP Warning:  include(C:\Users\camil\Local Sites\laviedesplantes\app\public/wp-content/languages/plugins/insert-headers-and-footers-fr_FR.l10n.php): Failed to open stream: No such file or directory in C:\Users\camil\Local Sites\laviedesplantes\app\public\wp-includes\l10n.php on line 1601
[17-Oct-2024 08:29:41 UTC] PHP Warning:  include(): Failed opening 'C:\Users\camil\Local Sites\laviedesplantes\app\public/wp-content/languages/plugins/insert-headers-and-footers-fr_FR.l10n.php' for inclusion (include_path='.:/usr/share/php:/www/wp-content/pear') in C:\Users\camil\Local Sites\laviedesplantes\app\public\wp-includes\l10n.php on line 1601
[17-Oct-2024 15:45:06 UTC] Erreur d’événement de replanification de tâche pour le crochet action_scheduler_run_queue. Code d’erreur : could_not_set. Message d’erreur : La liste des évènements planifiés n’a pas pu être sauvegardée.. Données : {"schedule":"every_minute","args":["WP Cron"],"interval":60}
